Build started 06/01/2015 15:12:39.
     1>Project "C:\Users\Nemo\Documents\GitHub\DSV_Prog3_2014-15_G24\GameEngine\GameEngine.vcxproj" on node 2 (Build target(s)).
     1>ClCompile:
         C:\Program Files (x86)\Microsoft Visual Studio 12.0\VC\bin\CL.exe /c /I"C:\Users\Dogge\Desktop\SDL2-2.0.3\include" /ZI /nologo /W3 /WX- /sdl /Od /Oy- /D _MBCS /Gm /EHsc /RTC1 /MDd /GS /fp:precise /Zc:wchar_t /Zc:forScope /Fo"Debug\\" /Fd"Debug\vc120.pdb" /Gd /TP /analyze- /errorReport:prompt Collidable.cpp Decal.cpp EnemyController.cpp Engine.cpp Main.cpp PhysicalSprite.cpp Player.cpp ResourceFactory.cpp Sprite.cpp
         Sprite.cpp
         ResourceFactory.cpp
         Player.cpp
         PhysicalSprite.cpp
     1>c:\users\nemo\documents\github\dsv_prog3_2014-15_g24\gameengine\physicalsprite.cpp(8): warning C4244: '+=' : conversion from 'double' to 'int', possible loss of data
     1>c:\users\nemo\documents\github\dsv_prog3_2014-15_g24\gameengine\physicalsprite.cpp(9): warning C4244: '+=' : conversion from 'double' to 'int', possible loss of data
         Main.cpp
         Engine.cpp
     1>c:\users\nemo\documents\github\dsv_prog3_2014-15_g24\gameengine\engine.cpp(122): warning C4244: 'return' : conversion from '__int64' to 'unsigned long', possible loss of data
         EnemyController.cpp
     1>c:\users\nemo\documents\github\dsv_prog3_2014-15_g24\gameengine\enemycontroller.cpp(23): warning C4018: '<' : signed/unsigned mismatch
     1>c:\users\nemo\documents\github\dsv_prog3_2014-15_g24\gameengine\enemycontroller.cpp(42): warning C4018: '<' : signed/unsigned mismatch
         Decal.cpp
         Collidable.cpp
         Generating Code...
       Link:
         C:\Program Files (x86)\Microsoft Visual Studio 12.0\VC\bin\link.exe /ERRORREPORT:PROMPT /OUT:"C:\Users\Nemo\Documents\GitHub\DSV_Prog3_2014-15_G24\Debug\GameEngine.exe" /INCREMENTAL /NOLOGO /LIBPATH:"C:\Users\Dogge\Desktop\SDL2-2.0.3\lib\x86" SDL2.lib SDL2main.lib kernel32.lib user32.lib gdi32.lib winspool.lib comdlg32.lib advapi32.lib shell32.lib ole32.lib oleaut32.lib uuid.lib odbc32.lib odbccp32.lib /MANIFEST /MANIFESTUAC:"level='asInvoker' uiAccess='false'" /manifest:embed /DEBUG /PDB:"C:\Users\Nemo\Documents\GitHub\DSV_Prog3_2014-15_G24\Debug\GameEngine.pdb" /SUBSYSTEM:CONSOLE /TLBID:1 /DYNAMICBASE /NXCOMPAT /IMPLIB:"C:\Users\Nemo\Documents\GitHub\DSV_Prog3_2014-15_G24\Debug\GameEngine.lib" /MACHINE:X86 Debug\Collidable.obj
         Debug\EnemyController.obj
         Debug\PhysicalSprite.obj
         Debug\Decal.obj
         Debug\Engine.obj
         Debug\Main.obj
         Debug\Player.obj
         Debug\ResourceFactory.obj
         Debug\Sprite.obj
     1>MSVCRTD.lib(cinitexe.obj) : warning LNK4098: defaultlib 'msvcrt.lib' conflicts with use of other libs; use /NODEFAULTLIB:library
         GameEngine.vcxproj -> C:\Users\Nemo\Documents\GitHub\DSV_Prog3_2014-15_G24\Debug\GameEngine.exe
     1>Done Building Project "C:\Users\Nemo\Documents\GitHub\DSV_Prog3_2014-15_G24\GameEngine\GameEngine.vcxproj" (Build target(s)).

Build succeeded.

Time Elapsed 00:00:07.54
